SSFM: 0.003
44.36156	3.918738	40.44282
SSFM: 0.003
3.918738	-0.515734	4.434472
SSFM: 0.003
-0.515734	-2.034099	1.5183651
SSFM: 0.003
-2.034099	-2.6751244	0.6410253
SSFM: 0.002
-2.6751244	-2.9502466	0.27512217
SSFM: 0.002
-2.9502466	-3.056297	0.10605049
SSFM: 0.003
-3.056297	-3.0860853	0.029788256
SSFM: 0.002
-3.0860853	-3.0890956	0.003010273
SSFM: 0.002
-3.0890956	-3.0937977	0.004702091
SSFM: 0.003
-3.0937977	-3.117171	0.023373365
SSFM: 0.002
-3.117171	-3.1691344	0.05196333
SSFM: 0.002
-3.1691344	-3.2547297	0.08559537
SSFM: 0.002
-3.2547297	-3.3752916	0.12056184
SSFM: 0.002
-3.3752916	-3.5291765	0.15388489
SSFM: 0.002
-3.5291765	-3.712288	0.18311143
SSFM: 0.002
-3.712288	-3.918651	0.2063632
SSFM: 0.002
-3.918651	-4.1409655	0.22231436
SSFM: 0.002
-4.1409655	-4.3712597	0.23029423
SSFM: 0.002
-4.3712597	-4.6015506	0.23029089
SSFM: 0.002
-4.6015506	-4.824443	0.22289228
SSFM: 0.001
-4.824443	-5.03362	0.20917702
SSFM: 0.002
-5.03362	-5.2241836	0.19056368
SSFM: 0.002
-5.2241836	-5.392805	0.16862154
SSFM: 0.002
-5.392805	-5.5377307	0.1449256
SSFM: 0.002
-5.5377307	-5.6586227	0.12089205
SSFM: 0.002
-5.6586227	-5.756341	0.09771824
SSFM: 0.002
-5.756341	-5.83266	0.07631922
SSFM: 0.002
-5.83266	-5.8899803	0.057320118
SSFM: 0.002
-5.8899803	-5.931062	0.041081905
SSFM: 0.001
-5.931062	-5.958809	0.027746677
SSFM: 0.002
-5.958809	-5.97607	0.017261028
SSFM: 0.002
-5.97607	-5.985516	0.009446144
SSFM: 0.001
-5.985516	-5.989542	0.004025936
SSFM: 0.002
-5.989542	-5.9902177	0.00067567825
SSFM: 0.002
-5.9902177	-5.9892473	0.0009703636
SSFM: 0.001
-5.9892473	-5.987981	0.0012664795
SSFM: 0.001
-5.987981	-5.987425	0.0005559921
SSFM: 0.002
-5.987425	-5.9882636	0.00083875656
SSFM: 0.002
-5.9882636	-5.9909053	0.0026416779
SSFM: 0.002
-5.9909053	-5.9955206	0.004615307
SSFM: 0.002
-5.9955206	-6.0020843	0.0065636635
SSFM: 0.002
-6.0020843	-6.010427	0.008342743
SSFM: 0.002
-6.010427	-6.0202713	0.009844303
SSFM: 0.002
-6.0202713	-6.031274	0.011002541
SSFM: 0.002
-6.031274	-6.0430593	0.011785507
SSFM: 0.002
-6.0430593	-6.055252	0.012192726
SSFM: 0.002
-6.055252	-6.067499	0.012247086
SSFM: 0.002
-6.067499	-6.07948	0.01198101
SSFM: 0.002
-6.07948	-6.0909343	0.011454105
SSFM: 0.002
-6.0909343	-6.1016583	0.010724068
SSFM: 0.002
-6.1016583	-6.1114917	0.009833336
SSFM: 0.002
-6.1114917	-6.1203527	0.008861065
SSFM: 0.002
-6.1203527	-6.1281967	0.007843971
SSFM: 0.001
-6.1281967	-6.1350327	0.0068359375
SSFM: 0.002
-6.1350327	-6.140902	0.0058693886
SSFM: 0.002
-6.140902	-6.1458793	0.0049772263
SSFM: 0.002
-6.1458793	-6.1500564	0.0041770935
SSFM: 0.002
-6.1500564	-6.1535378	0.003481388
SSFM: 0.002
-6.1535378	-6.1564307	0.002892971
SSFM: 0.002
-6.1564307	-6.1588407	0.002409935
SSFM: 0.002
-6.1588407	-6.1608744	0.0020337105
SSFM: 0.002
-6.1608744	-6.1626215	0.0017471313
SSFM: 0.002
-6.1626215	-6.1641655	0.0015439987
SSFM: 0.002
-6.1641655	-6.1655684	0.0014028549
SSFM: 0.002
-6.1655684	-6.1668906	0.0013222694
SSFM: 0.002
-6.1668906	-6.1681676	0.0012769699
SSFM: 0.002
-6.1681676	-6.1694307	0.0012631416
SSFM: 0.002
-6.1694307	-6.170694	0.0012631416
SSFM: 0.002
-6.170694	-6.1719704	0.0012764931
SSFM: 0.002
-6.1719704	-6.173254	0.0012836456
SSFM: 0.002
-6.173254	-6.1745434	0.0012893677
SSFM: 0.002
-6.1745434	-6.17583	0.0012865067
SSFM: 0.001
-6.17583	-6.177103	0.0012731552
SSFM: 0.002
-6.177103	-6.178352	0.0012488365
SSFM: 0.002
-6.178352	-6.179559	0.0012073517
SSFM: 0.002
-6.179559	-6.180718	0.0011587143
SSFM: 0.002
-6.180718	-6.1818204	0.0011024475
SSFM: 0.002
-6.1818204	-6.1828575	0.0010371208
SSFM: 0.002
-6.1828575	-6.183826	0.00096845627
SSFM: 0.001
-6.183826	-6.184717	0.00089120865
SSFM: 0.002
-6.184717	-6.185536	0.0008187294
SSFM: 0.002
-6.185536	-6.186283	0.0007472038
SSFM: 0.002
-6.186283	-6.1869617	0.0006785393
SSFM: 0.002
-6.1869617	-6.187575	0.0006132126
SSFM: 0.002
-6.187575	-6.188128	0.0005531311
SSFM: 0.002
-6.188128	-6.188624	0.00049591064
SSFM: 0.001
-6.188624	-6.1890707	0.00044679642
SSFM: 0.002
-6.1890707	-6.1894774	0.0004067421
SSFM: 0.002
-6.1894774	-6.189847	0.0003695488
SSFM: 0.002
-6.189847	-6.1901803	0.00033330917
SSFM: 0.002
-6.1901803	-6.19049	0.00030946732
SSFM: 0.002
-6.19049	-6.1907744	0.00028467178
SSFM: 0.001
-6.1907744	-6.1910357	0.00026130676
SSFM: 0.002
-6.1910357	-6.191281	0.0002450943
SSFM: 0.002
-6.191281	-6.1915135	0.00023269653
SSFM: 0.002
-6.1915135	-6.191728	0.00021457672
SSFM: 0.002
-6.191728	-6.191936	0.000207901
SSFM: 0.001
-6.191936	-6.1921287	0.00019264221
SSFM: 0.002
-6.1921287	-6.1923122	0.0001835823
SSFM: 0.002
-6.1923122	-6.192485	0.00017261505
SSFM: 0.002
-6.192485	-6.192649	0.00016403198
SSFM: 0.002
-6.192649	-6.192803	0.0001540184
SSFM: 0.002
-6.192803	-6.1929445	0.00014162064
SSFM: 0.002
-6.1929445	-6.193077	0.00013256073
SSFM: 0.002
-6.193077	-6.1932006	0.00012350082
SSFM: 0.002
-6.1932006	-6.1933146	0.00011396408
SSFM: 0.002
-6.1933146	-6.1934185	0.0001039505
SSFM: 0.002
-6.1934185	-6.193513	9.441376e-5
SSFM: 0.002
-6.193513	-6.1936016	8.869171e-5
SSFM: 0.002
-6.1936016	-6.1936784	7.677078e-5
SSFM: 0.002
-6.1936784	-6.193749	7.05719e-5
SSFM: 0.002
-6.193749	-6.1938133	6.4373016e-5
SSFM: 0.002
-6.1938133	-6.1938686	5.531311e-5
SSFM: 0.002
-6.1938686	-6.193917	4.8160553e-5
SSFM: 0.002
-6.193917	-6.1939607	4.386902e-5
SSFM: 0.002
-6.1939607	-6.1939993	3.862381e-5
SSFM: 0.002
-6.1939993	-6.194034	3.4809113e-5
SSFM: 0.002
-6.194034	-6.1940603	2.6226044e-5
SSFM: 0.002
-6.1940603	-6.1940866	2.6226044e-5
SSFM: 0.001
-6.1940866	-6.1941056	1.9073486e-5
SSFM: 0.002
-6.1941056	-6.194122	1.6212463e-5
SSFM: 0.002
-6.194122	-6.194136	1.4305115e-5
SSFM: 0.002
-6.194136	-6.1941485	1.2397766e-5
SSFM: 0.002
-6.1941485	-6.1941566	8.106232e-6
SSFM: 0.018
429.06076	13.43573	415.62503
SSFM: 0.012
13.43573	10.886721	2.5490093
SSFM: 0.010
10.886721	3.3642478	7.522473
SSFM: 0.010
3.3642478	2.8086607	0.55558705
SSFM: 0.011
2.8086607	0.35271677	2.455944
SSFM: 0.010
0.35271677	-0.5486964	0.9014132
SSFM: 0.009
-0.5486964	-1.370542	0.82184565
SSFM: 0.010
-1.370542	-2.2946444	0.9241023
SSFM: 0.009
-2.2946444	-2.554913	0.2602687
SSFM: 0.010
-2.554913	-3.2767103	0.7217972
SSFM: 0.010
-3.2767103	-3.4327977	0.1560874
SSFM: 0.009
-3.4327977	-3.8738291	0.44103146
SSFM: 0.010
-3.8738291	-4.080811	0.2069819
SSFM: 0.011
-4.080811	-4.2884703	0.20765924
SSFM: 0.011
-4.2884703	-4.536587	0.24811697
SSFM: 0.011
-4.536587	-4.620802	0.08421469
SSFM: 0.012
-4.620802	-4.842513	0.22171116
SSFM: 0.011
-4.842513	-4.9037867	0.061273575
SSFM: 0.011
-4.9037867	-5.0509644	0.1471777
SSFM: 0.010
-5.0509644	-5.1362243	0.085259914
SSFM: 0.009
-5.1362243	-5.209686	0.07346153
SSFM: 0.009
-5.209686	-5.3122487	0.102562904
SSFM: 0.012
-5.3122487	-5.3473086	0.03505993
SSFM: 0.011
-5.3473086	-5.4375787	0.09027004
SSFM: 0.011
-5.4375787	-5.4706297	0.033051014
SSFM: 0.011
-5.4706297	-5.529112	0.05848217
SSFM: 0.011
-5.529112	-5.5744305	0.045318604
SSFM: 0.011
-5.5744305	-5.60449	0.030059338
SSFM: 0.012
-5.60449	-5.6543765	0.049886703
SSFM: 0.011
-5.6543765	-5.6730003	0.018623829
SSFM: 0.011
-5.6730003	-5.7135015	0.040501118
SSFM: 0.011
-5.7135015	-5.7346897	0.02118826
SSFM: 0.009
-5.7346897	-5.7599006	0.025210857
SSFM: 0.012
-5.7599006	-5.7860584	0.026157856
SSFM: 0.009
-5.7860584	-5.8005958	0.014537334
SSFM: 0.009
-5.8005958	-5.82593	0.025334358
SSFM: 0.013
-5.82593	-5.837973	0.012042999
SSFM: 0.012
-5.837973	-5.8569264	0.018953323
SSFM: 0.013
-5.8569264	-5.8709006	0.01397419
SSFM: 0.011
-5.8709006	-5.8829594	0.012058735
SSFM: 0.010
-5.8829594	-5.8979435	0.014984131
SSFM: 0.011
-5.8979435	-5.9064555	0.00851202
SSFM: 0.011
-5.9064555	-5.9194517	0.012996197
SSFM: 0.011
-5.9194517	-5.9276915	0.008239746
SSFM: 0.011
-5.9276915	-5.9371195	0.009428024
SSFM: 0.009
-5.9371195	-5.945957	0.0088377
SSFM: 0.010
-5.945957	-5.952598	0.006640911
SSFM: 0.010
-5.952598	-5.961026	0.008428097
SSFM: 0.009
-5.961026	-5.966554	0.005527973
SSFM: 0.010
-5.966554	-5.9734406	0.0068864822
SSFM: 0.011
-5.9734406	-5.9789047	0.005464077
SSFM: 0.011
-5.9789047	-5.9840565	0.0051517487
SSFM: 0.011
-5.9840565	-5.989449	0.0053925514
SSFM: 0.010
-5.989449	-5.9934998	0.0040507317
SSFM: 0.010
-5.9934998	-5.998279	0.004779339
SSFM: 0.013
-5.998279	-6.0019155	0.0036363602
SSFM: 0.010
-6.0019155	-6.0057893	0.003873825
SSFM: 0.011
-6.0057893	-6.00929	0.0035009384
SSFM: 0.011
-6.00929	-6.0123444	0.003054142
SSFM: 0.011
-6.0123444	-6.015587	0.0032424927
SSFM: 0.011
-6.015587	-6.01817	0.002583027
SSFM: 0.011
-6.01817	-6.020975	0.002805233
SSFM: 0.011
-6.020975	-6.0233426	0.0023674965
SSFM: 0.011
-6.0233426	-6.0256314	0.0022888184
SSFM: 0.011
-6.0256314	-6.0278378	0.0022063255
SSFM: 0.013
-6.0278378	-6.0297394	0.0019016266
SSFM: 0.011
-6.0297394	-6.031711	0.0019717216
SSFM: 0.011
-6.031711	-6.0333924	0.0016813278
SSFM: 0.011
-6.0333924	-6.0350804	0.0016880035
SSFM: 0.011
-6.0350804	-6.0366077	0.0015273094
SSFM: 0.011
-6.0366077	-6.038023	0.0014152527
SSFM: 0.011
-6.038023	-6.0394077	0.0013847351
SSFM: 0.010
-6.0394077	-6.040628	0.0012202263
SSFM: 0.011
-6.040628	-6.041844	0.0012159348
SSFM: 0.012
-6.041844	-6.0429306	0.0010867119
SSFM: 0.010
-6.0429306	-6.043974	0.0010433197
SSFM: 0.011
-6.043974	-6.04496	0.0009860992
SSFM: 0.011
-6.04496	-6.045861	0.0009007454
SSFM: 0.011
-6.045861	-6.046738	0.0008773804
SSFM: 0.011
-6.046738	-6.0475287	0.000790596
SSFM: 0.012
-6.0475287	-6.0482945	0.0007658005
SSFM: 0.011
-6.0482945	-6.0490017	0.0007071495
SSFM: 0.011
-6.0490017	-6.049663	0.00066137314
SSFM: 0.011
-6.049663	-6.05029	0.00062704086
SSFM: 0.010
-6.05029	-6.0508723	0.00058221817
SSFM: 0.012
-6.0508723	-6.05143	0.0005578995
SSFM: 0.009
-6.05143	-6.051941	0.0005106926
SSFM: 0.011
-6.051941	-6.052424	0.00048303604
SSFM: 0.011
-6.052424	-6.0528846	0.0004606247
SSFM: 0.010
-6.0528846	-6.053311	0.00042629242
SSFM: 0.011
-6.053311	-6.05372	0.00040912628
SSFM: 0.012
-6.05372	-6.0540977	0.00037765503
SSFM: 0.010
-6.0540977	-6.05446	0.00036239624
SSFM: 0.011
-6.05446	-6.054792	0.00033187866
SSFM: 0.010
-6.054792	-6.0551047	0.00031280518
SSFM: 0.011
-6.0551047	-6.0554	0.0002951622
SSFM: 0.011
-6.0554	-6.055674	0.00027418137
SSFM: 0.011
-6.055674	-6.055939	0.00026512146
SSFM: 0.011
-6.055939	-6.0561852	0.00024604797
SSFM: 0.011
-6.0561852	-6.0564127	0.00022745132
SSFM: 0.011
-6.0564127	-6.056632	0.0002193451
SSFM: 0.011
-6.056632	-6.056838	0.00020599365
SSFM: 0.010
-6.056838	-6.057026	0.00018787384
SSFM: 0.011
-6.057026	-6.0572047	0.00017881393
SSFM: 0.010
-6.0572047	-6.05738	0.00017547607
SSFM: 0.011
-6.05738	-6.05753	0.00014972687
SSFM: 0.011
-6.05753	-6.0576844	0.00015449524
SSFM: 0.011
-6.0576844	-6.0578227	0.00013828278
SSFM: 0.010
-6.0578227	-6.057958	0.00013542175
SSFM: 0.011
-6.057958	-6.0580797	0.000121593475
SSFM: 0.011
-6.0580797	-6.058192	0.00011205673
SSFM: 0.011
-6.058192	-6.0582995	0.0001077652
SSFM: 0.011
-6.0582995	-6.0584073	0.0001077652
SSFM: 0.011
-6.0584073	-6.0584993	9.202957e-5
SSFM: 0.011
-6.0584993	-6.0585923	9.2983246e-5
SSFM: 0.010
-6.0585923	-6.058682	8.9645386e-5
SSFM: 0.011
-6.058682	-6.05876	7.8201294e-5
SSFM: 0.009
-6.05876	-6.0588393	7.915497e-5
SSFM: 0.011
-6.0588393	-6.058909	6.9618225e-5
SSFM: 0.011
-6.058909	-6.05898	7.104874e-5
SSFM: 0.011
-6.05898	-6.0590396	5.9604645e-5
SSFM: 0.011
-6.0590396	-6.059104	6.4373016e-5
SSFM: 0.011
-6.059104	-6.0591545	5.054474e-5
SSFM: 0.011
-6.0591545	-6.0592084	5.38826e-5
SSFM: 0.011
-6.0592084	-6.0592537	4.529953e-5
SSFM: 0.011
-6.0592537	-6.059302	4.8160553e-5
SSFM: 0.010
-6.059302	-6.059344	4.196167e-5
SSFM: 0.009
-6.059344	-6.059384	4.005432e-5
SSFM: 0.011
-6.059384	-6.059419	3.528595e-5
SSFM: 0.010
-6.059419	-6.059456	3.671646e-5
SSFM: 0.011
-6.059456	-6.0594864	3.0517578e-5
SSFM: 0.011
-6.0594864	-6.059514	2.7656555e-5
SSFM: 0.011
-6.059514	-6.059544	3.0040741e-5
SSFM: 0.011
-6.059544	-6.059575	3.0994415e-5
SSFM: 0.011
-6.059575	-6.0595984	2.336502e-5
SSFM: 0.010
-6.0595984	-6.0596232	2.4795532e-5
SSFM: 0.010
-6.0596232	-6.0596437	2.0503998e-5
SSFM: 0.011
-6.0596437	-6.0596666	2.2888184e-5
SSFM: 0.010
-6.0596666	-6.0596814	1.4781952e-5
SSFM: 0.010
-6.0596814	-6.0596967	1.5258789e-5
SSFM: 0.010
-6.0596967	-6.0597115	1.4781952e-5
SSFM: 0.009
-6.0597115	-6.0597305	1.9073486e-5
SSFM: 0.012
-6.0597305	-6.0597444	1.3828278e-5
SSFM: 0.009
-6.0597444	-6.059755	1.04904175e-5
SSFM: 0.011
-6.059755	-6.059771	1.6212463e-5
SSFM: 0.012
-6.059771	-6.0597816	1.04904175e-5
SSFM: 0.011
-6.0597816	-6.059789	7.6293945e-6
SSFM: 0.035
-8.474144	-9.325749	0.8516054
SSFM: 0.024
-9.325749	-9.912744	0.5869942
SSFM: 0.022
-9.912744	-10.333792	0.42104816
SSFM: 0.024
-10.333792	-10.645103	0.31131172
SSFM: 0.023
-10.645103	-10.880799	0.23569584
SSFM: 0.023
-10.880799	-11.062675	0.18187618
SSFM: 0.024
-11.062675	-11.2052145	0.14253902
SSFM: 0.024
-11.2052145	-11.318389	0.11317444
SSFM: 0.024
-11.318389	-11.409219	0.09082985
SSFM: 0.023
-11.409219	-11.482812	0.07359314
SSFM: 0.024
-11.482812	-11.542901	0.06008911
SSFM: 0.023
-11.542901	-11.592315	0.04941368
SSFM: 0.023
-11.592315	-11.633211	0.040896416
SSFM: 0.024
-11.633211	-11.667204	0.033992767
SSFM: 0.024
-11.667204	-11.695629	0.028425217
SSFM: 0.023
-11.695629	-11.719495	0.0238657
SSFM: 0.026
-11.719495	-11.739592	0.020096779
SSFM: 0.025
-11.739592	-11.75657	0.016978264
SSFM: 0.023
-11.75657	-11.770983	0.01441288
SSFM: 0.024
-11.770983	-11.783243	0.012260437
SSFM: 0.026
-11.783243	-11.793691	0.010447502
SSFM: 0.024
-11.793691	-11.802627	0.008935928
SSFM: 0.023
-11.802627	-11.810259	0.0076322556
SSFM: 0.024
-11.810259	-11.816829	0.0065698624
SSFM: 0.022
-11.816829	-11.822459	0.005630493
SSFM: 0.023
-11.822459	-11.82732	0.004860878
SSFM: 0.023
-11.82732	-11.831505	0.004184723
SSFM: 0.024
-11.831505	-11.835123	0.0036182404
SSFM: 0.023
-11.835123	-11.8382435	0.0031204224
SSFM: 0.023
-11.8382435	-11.84096	0.0027160645
SSFM: 0.023
-11.84096	-11.843298	0.0023384094
SSFM: 0.023
-11.843298	-11.845333	0.002035141
SSFM: 0.025
-11.845333	-11.847099	0.0017662048
SSFM: 0.025
-11.847099	-11.84864	0.0015411377
SSFM: 0.022
-11.84864	-11.849973	0.001332283
SSFM: 0.023
-11.849973	-11.851134	0.0011615753
SSFM: 0.024
-11.851134	-11.852147	0.0010128021
SSFM: 0.023
-11.852147	-11.853036	0.00088882446
SSFM: 0.023
-11.853036	-11.8538	0.0007638931
SSFM: 0.022
-11.8538	-11.854478	0.00067806244
SSFM: 0.024
-11.854478	-11.855065	0.0005874634
SSFM: 0.024
-11.855065	-11.855575	0.0005092621
SSFM: 0.026
-11.855575	-11.856025	0.00045013428
SSFM: 0.024
-11.856025	-11.85642	0.00039482117
SSFM: 0.023
-11.85642	-11.856756	0.00033664703
SSFM: 0.022
-11.856756	-11.857073	0.00031661987
SSFM: 0.023
-11.857073	-11.85732	0.00024700165
SSFM: 0.025
-11.85732	-11.857559	0.00023937225
SSFM: 0.023
-11.857559	-11.857757	0.00019741058
SSFM: 0.024
-11.857757	-11.857939	0.0001821518
SSFM: 0.027
-11.857939	-11.858107	0.00016784668
SSFM: 0.025
-11.858107	-11.858228	0.00012111664
SSFM: 0.023
-11.858228	-11.858339	0.000111579895
SSFM: 0.022
-11.858339	-11.858453	0.000113487244
SSFM: 0.024
-11.858453	-11.858557	0.0001039505
SSFM: 0.024
-11.858557	-11.858631	7.43866e-5
SSFM: 0.025
-11.858631	-11.858706	7.534027e-5
SSFM: 0.027
-11.858706	-11.858761	5.4359436e-5
SSFM: 0.024
-11.858761	-11.858824	6.2942505e-5
SSFM: 0.022
-11.858824	-11.858862	3.8146973e-5
SSFM: 0.021
-11.858862	-11.858906	4.386902e-5
SSFM: 0.021
-11.858906	-11.858945	3.9100647e-5
SSFM: 0.021
-11.858945	-11.858977	3.2424927e-5
SSFM: 0.022
-11.858977	-11.85901	3.2424927e-5
SSFM: 0.023
-11.85901	-11.859043	3.33786e-5
SSFM: 0.026
-11.859043	-11.859061	1.8119812e-5
SSFM: 0.021
-11.859061	-11.859085	2.3841858e-5
SSFM: 0.021
-11.859085	-11.859097	1.1444092e-5
SSFM: 0.021
-11.859097	-11.8591175	2.0980835e-5
SSFM: 0.021
-11.8591175	-11.859127	9.536743e-6
SSFM: 0.004
-8.474215	-9.325756	0.8515415
SSFM: 0.004
-9.325756	-9.91276	0.5870037
SSFM: 0.004
-9.91276	-10.33381	0.42105007
SSFM: 0.004
-10.33381	-10.645119	0.31130886
SSFM: 0.004
-10.645119	-10.880815	0.23569584
SSFM: 0.004
-10.880815	-11.06269	0.18187523
SSFM: 0.004
-11.06269	-11.205231	0.14254093
SSFM: 0.004
-11.205231	-11.318402	0.11317158
SSFM: 0.003
-11.318402	-11.409237	0.09083462
SSFM: 0.004
-11.409237	-11.482823	0.073586464
SSFM: 0.003
-11.482823	-11.5429125	0.06008911
SSFM: 0.004
-11.5429125	-11.59233	0.049417496
SSFM: 0.004
-11.59233	-11.633215	0.04088497
SSFM: 0.004
-11.633215	-11.66722	0.034005165
SSFM: 0.004
-11.66722	-11.695641	0.028420448
SSFM: 0.004
-11.695641	-11.719499	0.02385807
SSFM: 0.003
-11.719499	-11.7396	0.020101547
SSFM: 0.004
-11.7396	-11.75659	0.016989708
SSFM: 0.004
-11.75659	-11.770997	0.014407158
SSFM: 0.004
-11.770997	-11.783254	0.012256622
SSFM: 0.004
-11.783254	-11.793703	0.0104494095
SSFM: 0.004
-11.793703	-11.802631	0.008928299
SSFM: 0.003
-11.802631	-11.810276	0.0076446533
SSFM: 0.004
-11.810276	-11.8168335	0.0065574646
SSFM: 0.003
-11.8168335	-11.822475	0.0056419373
SSFM: 0.003
-11.822475	-11.827331	0.004855156
SSFM: 0.003
-11.827331	-11.831516	0.0041856766
SSFM: 0.003
-11.831516	-11.835128	0.0036115646
SSFM: 0.003
-11.835128	-11.838258	0.003129959
SSFM: 0.003
-11.838258	-11.840961	0.0027036667
SSFM: 0.003
-11.840961	-11.843306	0.0023441315
SSFM: 0.003
-11.843306	-11.845338	0.00203228
SSFM: 0.004
-11.845338	-11.84711	0.0017719269
SSFM: 0.004
-11.84711	-11.848643	0.0015335083
SSFM: 0.003
-11.848643	-11.849983	0.0013399124
SSFM: 0.003
-11.849983	-11.851142	0.0011587143
SSFM: 0.003
-11.851142	-11.852155	0.0010128021
SSFM: 0.003
-11.852155	-11.853042	0.0008869171
SSFM: 0.003
-11.853042	-11.853812	0.00077056885
SSFM: 0.003
-11.853812	-11.8544855	0.00067329407
SSFM: 0.004
-11.8544855	-11.855072	0.0005865097
SSFM: 0.004
-11.855072	-11.855584	0.0005121231
SSFM: 0.004
-11.855584	-11.856031	0.00044727325
SSFM: 0.004
-11.856031	-11.856425	0.0003938675
SSFM: 0.004
-11.856425	-11.856775	0.00034999847
SSFM: 0.004
-11.856775	-11.857076	0.0003004074
SSFM: 0.004
-11.857076	-11.85734	0.0002641678
SSFM: 0.004
-11.85734	-11.857569	0.00022888184
SSFM: 0.004
-11.857569	-11.857773	0.0002040863
SSFM: 0.004
-11.857773	-11.857948	0.00017547607
SSFM: 0.004
-11.857948	-11.858102	0.00015354156
SSFM: 0.004
-11.858102	-11.858242	0.00014019012
SSFM: 0.004
-11.858242	-11.858359	0.00011730194
SSFM: 0.003
-11.858359	-11.858466	0.00010681152
SSFM: 0.003
-11.858466	-11.858561	9.441376e-5
SSFM: 0.003
-11.858561	-11.858643	8.201599e-5
SSFM: 0.003
-11.858643	-11.858708	6.580353e-5
SSFM: 0.003
-11.858708	-11.858775	6.67572e-5
SSFM: 0.003
-11.858775	-11.858831	5.6266785e-5
SSFM: 0.004
-11.858831	-11.858876	4.4822693e-5
SSFM: 0.004
-11.858876	-11.85892	4.386902e-5
SSFM: 0.003
-11.85892	-11.858957	3.71933e-5
SSFM: 0.004
-11.858957	-11.858992	3.4332275e-5
SSFM: 0.004
-11.858992	-11.859018	2.670288e-5
SSFM: 0.003
-11.859018	-11.859048	2.9563904e-5
SSFM: 0.003
-11.859048	-11.859069	2.0980835e-5
SSFM: 0.004
-11.859069	-11.859093	2.3841858e-5
SSFM: 0.004
-11.859093	-11.859107	1.4305115e-5
SSFM: 0.004
-11.859107	-11.859119	1.2397766e-5
SSFM: 0.003
-11.859119	-11.859137	1.7166138e-5
SSFM: 0.003
-11.859137	-11.859146	9.536743e-6
SSFM: 0.004
-8.474219	-9.325759	0.8515396
SSFM: 0.003
-9.325759	-9.912758	0.58699894
SSFM: 0.003
-9.912758	-10.333808	0.42105007
SSFM: 0.002
-10.333808	-10.6451235	0.31131554
SSFM: 0.002
-10.6451235	-10.88082	0.2356968
SSFM: 0.003
-10.88082	-11.062699	0.18187904
SSFM: 0.003
-11.062699	-11.205237	0.14253807
SSFM: 0.002
-11.205237	-11.318405	0.11316776
SSFM: 0.003
-11.318405	-11.409242	0.090836525
SSFM: 0.003
-11.409242	-11.482826	0.07358456
SSFM: 0.002
-11.482826	-11.54292	0.06009388
SSFM: 0.002
-11.54292	-11.592338	0.049417496
SSFM: 0.002
-11.592338	-11.633222	0.040884018
SSFM: 0.003
-11.633222	-11.667228	0.03400612
SSFM: 0.002
-11.667228	-11.695648	0.028420448
SSFM: 0.002
-11.695648	-11.719502	0.023854256
SSFM: 0.002
-11.719502	-11.739601	0.020098686
SSFM: 0.002
-11.739601	-11.756592	0.016990662
SSFM: 0.002
-11.756592	-11.771007	0.014414787
SSFM: 0.002
-11.771007	-11.783256	0.012248993
SSFM: 0.002
-11.783256	-11.793702	0.010446548
SSFM: 0.002
-11.793702	-11.802635	0.008933067
SSFM: 0.002
-11.802635	-11.810277	0.0076417923
SSFM: 0.002
-11.810277	-11.816837	0.0065603256
SSFM: 0.002
-11.816837	-11.822479	0.0056419373
SSFM: 0.002
-11.822479	-11.82733	0.0048503876
SSFM: 0.002
-11.82733	-11.831521	0.0041913986
SSFM: 0.002
-11.831521	-11.835134	0.0036125183
SSFM: 0.002
-11.835134	-11.83826	0.0031261444
SSFM: 0.002
-11.83826	-11.840965	0.002705574
SSFM: 0.002
-11.840965	-11.8433075	0.0023422241
SSFM: 0.003
-11.8433075	-11.845342	0.0020341873
SSFM: 0.003
-11.845342	-11.847111	0.0017690659
SSFM: 0.003
-11.847111	-11.848645	0.001534462
SSFM: 0.003
-11.848645	-11.849984	0.0013389587
SSFM: 0.003
-11.849984	-11.851145	0.0011606216
SSFM: 0.003
-11.851145	-11.852157	0.0010118484
SSFM: 0.002
-11.852157	-11.853042	0.00088500977
SSFM: 0.003
-11.853042	-11.853813	0.0007715225
SSFM: 0.003
-11.853813	-11.854486	0.00067329407
SSFM: 0.002
-11.854486	-11.855073	0.0005865097
SSFM: 0.003
-11.855073	-11.855589	0.0005159378
SSFM: 0.003
-11.855589	-11.856035	0.00044631958
SSFM: 0.003
-11.856035	-11.856427	0.00039196014
SSFM: 0.003
-11.856427	-11.856771	0.00034427643
SSFM: 0.003
-11.856771	-11.857076	0.0003042221
SSFM: 0.003
-11.857076	-11.857339	0.0002632141
SSFM: 0.003
-11.857339	-11.857565	0.00022602081
SSFM: 0.003
-11.857565	-11.857769	0.0002040863
SSFM: 0.003
-11.857769	-11.857948	0.00017929077
SSFM: 0.003
-11.857948	-11.858102	0.00015354156
SSFM: 0.002
-11.858102	-11.85824	0.00013828278
SSFM: 0.003
-11.85824	-11.858359	0.00011920929
SSFM: 0.003
-11.858359	-11.858465	0.00010585785
SSFM: 0.003
-11.858465	-11.858559	9.346008e-5
SSFM: 0.003
-11.858559	-11.858642	8.2969666e-5
SSFM: 0.003
-11.858642	-11.858706	6.484985e-5
SSFM: 0.003
-11.858706	-11.858773	6.67572e-5
SSFM: 0.003
-11.858773	-11.858832	5.9127808e-5
SSFM: 0.003
-11.858832	-11.858878	4.5776367e-5
SSFM: 0.003
-11.858878	-11.858918	4.005432e-5
SSFM: 0.003
-11.858918	-11.858959	4.1007996e-5
SSFM: 0.002
-11.858959	-11.85899	3.0517578e-5
SSFM: 0.002
-11.85899	-11.859021	3.1471252e-5
SSFM: 0.002
-11.859021	-11.859046	2.4795532e-5
SSFM: 0.002
-11.859046	-11.85907	2.3841858e-5
SSFM: 0.002
-11.85907	-11.859087	1.7166138e-5
SSFM: 0.003
-11.859087	-11.859106	1.9073486e-5
SSFM: 0.003
-11.859106	-11.859122	1.6212463e-5
SSFM: 0.002
-11.859122	-11.8591385	1.6212463e-5
SSFM: 0.002
-11.8591385	-11.859145	6.67572e-6
